CPEN 431 DUMMY test Client
Time: Thu Mar 16 20:40:48 PDT 2023
Build Date: Thu Mar 16 06:08:34 PDT 2023
Java process ID: 49155
[A4 DUMMY TESTS - THIS IS A DUMMY TEST CLIENT NOT THE FINAL EVALUATION CLIENT]

[Info] Created server list successfully.

[Test isAlive]
TEST PASSED

[ TEST Basic PUT/GET (PUT -> GET). Value Length = 32 Bytes ]
TEST_PASSED

[ TEST Basic REMOVE (PUT -> GET -> REM -> GET). Value Length = 32 Bytes. ]
TEST_PASSED

[ TEST Back-to-back put requests (PUT -> PUT -> GET). Value Length = 32 Bytes. ]
TEST_PASSED

[ TEST Double remove (PUT -> REM -> REM). Value Length = 32 Bytes. ]
TEST_PASSED

[ TEST Invalid Command. ]
TEST_PASSED

[ TEST Multi Client Performance (1 clients, 100 closed loops per client): PUT -> GET (closed loop) ]
[Test] Checking if server is up ...
Test Passed. Server is ok.
Test Status: TEST_PASSED
Clients: 1
Total Requests (without replies): 200
Total Requests (including replies): 200
Successful Responses: 200
Timeout Responses: 0
Total Failed Responses: 0
% Success: 100.0
% Timeout: 0.0
% Failed: 0.0
Response Time (Successful requests):
[max] 4ms, [min] 0ms
[avg] 0.59 ms, [stdev] 0.6098360435395735ms
Throughput: 1388.888888888889 requests per second
Goodput: 1388.888888888889 requests per second
Retry Rate (Successful requests): 1.0

Completed A4 DUMMY Tests.
Testing completed in 7.249s
